Command line:
   Restador_isim_beh.exe
     -simmode  gui
     -simrunnum  0
     -socket  49896

Fri Jan 29 22:25:03 2016


 Elaboration Time: 0.0468 sec

 Current Memory Usage: 824.652 Meg

 Total Signals          : 4
 Total Nets             : 96
 Total Signal Drivers   : 2
 Total Blocks           : 4
 Total Primitive Blocks : 4
 Total Processes        : 2
 Total Traceable Variables  : 10
 Total Scalar Nets and Variables : 474
Total Line Count : 2

 Total Simulation Time: 0.0624 sec

 Current Memory Usage: 824.652 Meg

Fri Jan 29 22:25:07 2016

