Release 14.4 - xst P.49d (nt64)
Copyright (c) 1995-2012 Xilinx, Inc.  All rights reserved.
--> Parameter TMPDIR set to xst/projnav.tmp


Total REAL time to Xst completion: 0.00 secs
Total CPU time to Xst completion: 0.12 secs
 
--> Parameter xsthdpdir set to xst


Total REAL time to Xst completion: 0.00 secs
Total CPU time to Xst completion: 0.12 secs
 
--> Reading design: comparador.prj

TABLE OF CONTENTS
  1) Synthesis Options Summary
  2) HDL Compilation
  3) Design Hierarchy Analysis
  4) HDL Analysis
  5) HDL Synthesis
     5.1) HDL Synthesis Report
  6) Advanced HDL Synthesis
     6.1) Advanced HDL Synthesis Report
  7) Low Level Synthesis
  8) Partition Report
  9) Final Report
	9.1) Device utilization summary
	9.2) Partition Resource Summary
	9.3) TIMING REPORT


=========================================================================
*                      Synthesis Options Summary                        *
=========================================================================
---- Source Parameters
Input File Name                    : "comparador.prj"
Input Format                       : mixed
Ignore Synthesis Constraint File   : NO

---- Target Parameters
Output File Name                   : "comparador"
Output Format                      : NGC
Target Device                      : xc3s100e-4-vq100

---- Source Options
Top Module Name                    : comparador
Automatic FSM Extraction           : YES
FSM Encoding Algorithm             : Auto
Safe Implementation                : No
FSM Style                          : LUT
RAM Extraction                     : Yes
RAM Style                          : Auto
ROM Extraction                     : Yes
Mux Style                          : Auto
Decoder Extraction                 : YES
Priority Encoder Extraction        : Yes
Shift Register Extraction          : YES
Logical Shifter Extraction         : YES
XOR Collapsing                     : YES
ROM Style                          : Auto
Mux Extraction                     : Yes
Resource Sharing                   : YES
Asynchronous To Synchronous        : NO
Multiplier Style                   : Auto
Automatic Register Balancing       : No

---- Target Options
Add IO Buffers                     : YES
Global Maximum Fanout              : 100000
Add Generic Clock Buffer(BUFG)     : 24
Register Duplication               : YES
Slice Packing                      : YES
Optimize Instantiated Primitives   : NO
Use Clock Enable                   : Yes
Use Synchronous Set                : Yes
Use Synchronous Reset              : Yes
Pack IO Registers into IOBs        : Auto
Equivalent register Removal        : YES

---- General Options
Optimization Goal                  : Speed
Optimization Effort                : 1
Keep Hierarchy                     : No
Netlist Hierarchy                  : As_Optimized
RTL Output                         : Yes
Global Optimization                : AllClockNets
Read Cores                         : YES
Write Timing Constraints           : NO
Cross Clock Analysis               : NO
Hierarchy Separator                : /
Bus Delimiter                      : <>
Case Specifier                     : Maintain
Slice Utilization Ratio            : 100
BRAM Utilization Ratio             : 100
Verilog 2001                       : YES
Auto BRAM Packing                  : NO
Slice Utilization Ratio Delta      : 5

=========================================================================


=========================================================================
*                          HDL Compilation                              *
=========================================================================
Compiling vhdl file "C:/FPGA/PracticoFinal/comparador.vhd" in Library work.
Architecture behavioral of Entity comparador is up to date.

=========================================================================
*                     Design Hierarchy Analysis                         *
=========================================================================
Analyzing hierarchy for entity <comparador> in library <work> (architecture <behavioral>).


=========================================================================
*                            HDL Analysis                               *
=========================================================================
Analyzing Entity <comparador> in library <work> (Architecture <behavioral>).
Entity <comparador> analyzed. Unit <comparador> generated.


=========================================================================
*                           HDL Synthesis                               *
=========================================================================

Performing bidirectional port resolution...

Synthesizing Unit <comparador>.
    Related source file is "C:/FPGA/PracticoFinal/comparador.vhd".
    Found 8-bit subtractor for signal <dif_exp_aux>.
    Found 8-bit comparator greater for signal <z_int$cmp_gt0000> created at line 52.
    Found 8-bit comparator less for signal <z_int$cmp_lt0000> created at line 52.
    Found 23-bit comparator less for signal <z_int$cmp_lt0001> created at line 52.
    Summary:
	inferred   1 Adder/Subtractor(s).
	inferred   3 Comparator(s).
Unit <comparador> synthesized.

INFO:Xst:1767 - HDL ADVISOR - Resource sharing has identified that some arithmetic operations in this design can share the same physical resources for reduced device utilization. For improved clock frequency you may try to disable resource sharing.

=========================================================================
HDL Synthesis Report

Macro Statistics
# Adders/Subtractors                                   : 1
 8-bit subtractor                                      : 1
# Comparators                                          : 3
 23-bit comparator less                                : 1
 8-bit comparator greater                              : 1
 8-bit comparator less                                 : 1

=========================================================================

=========================================================================
*                       Advanced HDL Synthesis                          *
=========================================================================


=========================================================================
Advanced HDL Synthesis Report

Macro Statistics
# Adders/Subtractors                                   : 1
 8-bit subtractor                                      : 1
# Comparators                                          : 3
 23-bit comparator less                                : 1
 8-bit comparator greater                              : 1
 8-bit comparator less                                 : 1

=========================================================================

=========================================================================
*                         Low Level Synthesis                           *
=========================================================================

Optimizing unit <comparador> ...

Mapping all equations...
Building and optimizing final netlist ...
Found area constraint ratio of 100 (+ 5) on block comparador, actual ratio is 3.

Final Macro Processing ...

=========================================================================
Final Register Report

Found no macro
=========================================================================

=========================================================================
*                           Partition Report                            *
=========================================================================

Partition Implementation Status
-------------------------------

  No Partitions were found in this design.

-------------------------------

=========================================================================
*                            Final Report                               *
=========================================================================
Final Results
RTL Top Level Output File Name     : comparador.ngr
Top Level Output File Name         : comparador
Output Format                      : NGC
Optimization Goal                  : Speed
Keep Hierarchy                     : No

Design Statistics
# IOs                              : 79

Cell Usage :
# BELS                             : 111
#      LUT2                        : 40
#      LUT3                        : 9
#      LUT4                        : 7
#      MUXCY                       : 46
#      VCC                         : 1
#      XORCY                       : 8
# IO Buffers                       : 79
#      IBUF                        : 62
#      OBUF                        : 17
=========================================================================

Device utilization summary:
---------------------------

Selected Device : 3s100evq100-4 

 Number of Slices:                       29  out of    960     3%  
 Number of 4 input LUTs:                 56  out of   1920     2%  
 Number of IOs:                          79
 Number of bonded IOBs:                  79  out of     66   119% (*) 

WARNING:Xst:1336 -  (*) More than 100% of Device resources are used

---------------------------
Partition Resource Summary:
---------------------------

  No Partitions were found in this design.

---------------------------


=========================================================================
TIMING REPORT

NOTE: THESE TIMING NUMBERS ARE ONLY A SYNTHESIS ESTIMATE.
      FOR ACCURATE TIMING INFORMATION PLEASE REFER TO THE TRACE REPORT
      GENERATED AFTER PLACE-and-ROUTE.

Clock Information:
------------------
No clock signals found in this design

Asynchronous Control Signals Information:
----------------------------------------
No asynchronous control signals found in this design

Timing Summary:
---------------
Speed Grade: -4

   Minimum period: No path found
   Minimum input arrival time before clock: No path found
   Maximum output required time after clock: No path found
   Maximum combinational path delay: 14.435ns

Timing Detail:
--------------
All values displayed in nanoseconds (ns)

=========================================================================
Timing constraint: Default path analysis
  Total number of paths / destination ports: 12733 / 17
-------------------------------------------------------------------------
Delay:               14.435ns (Levels of Logic = 37)
  Source:            a<0> (PAD)
  Destination:       T<7> (PAD)

  Data Path: a<0> to T<7>
                                Gate     Net
    Cell:in->out      fanout   Delay   Delay  Logical Name (Net Name)
    ----------------------------------------  ------------
     IBUF:I->O             1   1.218   0.595  a_0_IBUF (a_0_IBUF)
     LUT2:I0->O            1   0.704   0.000  Mcompar_z_int_cmp_lt0001_lut<0> (Mcompar_z_int_cmp_lt0001_lut<0>)
     MUXCY:S->O            1   0.464   0.000  Mcompar_z_int_cmp_lt0001_cy<0> (Mcompar_z_int_cmp_lt0001_cy<0>)
     MUXCY:CI->O           1   0.059   0.000  Mcompar_z_int_cmp_lt0001_cy<1> (Mcompar_z_int_cmp_lt0001_cy<1>)
     MUXCY:CI->O           1   0.059   0.000  Mcompar_z_int_cmp_lt0001_cy<2> (Mcompar_z_int_cmp_lt0001_cy<2>)
     MUXCY:CI->O           1   0.059   0.000  Mcompar_z_int_cmp_lt0001_cy<3> (Mcompar_z_int_cmp_lt0001_cy<3>)
     MUXCY:CI->O           1   0.059   0.000  Mcompar_z_int_cmp_lt0001_cy<4> (Mcompar_z_int_cmp_lt0001_cy<4>)
     MUXCY:CI->O           1   0.059   0.000  Mcompar_z_int_cmp_lt0001_cy<5> (Mcompar_z_int_cmp_lt0001_cy<5>)
     MUXCY:CI->O           1   0.059   0.000  Mcompar_z_int_cmp_lt0001_cy<6> (Mcompar_z_int_cmp_lt0001_cy<6>)
     MUXCY:CI->O           1   0.059   0.000  Mcompar_z_int_cmp_lt0001_cy<7> (Mcompar_z_int_cmp_lt0001_cy<7>)
     MUXCY:CI->O           1   0.059   0.000  Mcompar_z_int_cmp_lt0001_cy<8> (Mcompar_z_int_cmp_lt0001_cy<8>)
     MUXCY:CI->O           1   0.059   0.000  Mcompar_z_int_cmp_lt0001_cy<9> (Mcompar_z_int_cmp_lt0001_cy<9>)
     MUXCY:CI->O           1   0.059   0.000  Mcompar_z_int_cmp_lt0001_cy<10> (Mcompar_z_int_cmp_lt0001_cy<10>)
     MUXCY:CI->O           1   0.059   0.000  Mcompar_z_int_cmp_lt0001_cy<11> (Mcompar_z_int_cmp_lt0001_cy<11>)
     MUXCY:CI->O           1   0.059   0.000  Mcompar_z_int_cmp_lt0001_cy<12> (Mcompar_z_int_cmp_lt0001_cy<12>)
     MUXCY:CI->O           1   0.059   0.000  Mcompar_z_int_cmp_lt0001_cy<13> (Mcompar_z_int_cmp_lt0001_cy<13>)
     MUXCY:CI->O           1   0.059   0.000  Mcompar_z_int_cmp_lt0001_cy<14> (Mcompar_z_int_cmp_lt0001_cy<14>)
     MUXCY:CI->O           1   0.059   0.000  Mcompar_z_int_cmp_lt0001_cy<15> (Mcompar_z_int_cmp_lt0001_cy<15>)
     MUXCY:CI->O           1   0.059   0.000  Mcompar_z_int_cmp_lt0001_cy<16> (Mcompar_z_int_cmp_lt0001_cy<16>)
     MUXCY:CI->O           1   0.059   0.000  Mcompar_z_int_cmp_lt0001_cy<17> (Mcompar_z_int_cmp_lt0001_cy<17>)
     MUXCY:CI->O           1   0.059   0.000  Mcompar_z_int_cmp_lt0001_cy<18> (Mcompar_z_int_cmp_lt0001_cy<18>)
     MUXCY:CI->O           1   0.059   0.000  Mcompar_z_int_cmp_lt0001_cy<19> (Mcompar_z_int_cmp_lt0001_cy<19>)
     MUXCY:CI->O           1   0.059   0.000  Mcompar_z_int_cmp_lt0001_cy<20> (Mcompar_z_int_cmp_lt0001_cy<20>)
     MUXCY:CI->O           1   0.059   0.000  Mcompar_z_int_cmp_lt0001_cy<21> (Mcompar_z_int_cmp_lt0001_cy<21>)
     MUXCY:CI->O           1   0.459   0.499  Mcompar_z_int_cmp_lt0001_cy<22> (Mcompar_z_int_cmp_lt0001_cy<22>)
     LUT3:I1->O           16   0.704   1.209  z_int1 (Z_OBUF)
     LUT3:I0->O            2   0.704   0.622  R<0>1 (R_0_OBUF)
     LUT4:I0->O            1   0.704   0.000  Msub_dif_exp_aux_lut<0> (Msub_dif_exp_aux_lut<0>)
     MUXCY:S->O            1   0.464   0.000  Msub_dif_exp_aux_cy<0> (Msub_dif_exp_aux_cy<0>)
     MUXCY:CI->O           1   0.059   0.000  Msub_dif_exp_aux_cy<1> (Msub_dif_exp_aux_cy<1>)
     MUXCY:CI->O           1   0.059   0.000  Msub_dif_exp_aux_cy<2> (Msub_dif_exp_aux_cy<2>)
     MUXCY:CI->O           1   0.059   0.000  Msub_dif_exp_aux_cy<3> (Msub_dif_exp_aux_cy<3>)
     MUXCY:CI->O           1   0.059   0.000  Msub_dif_exp_aux_cy<4> (Msub_dif_exp_aux_cy<4>)
     MUXCY:CI->O           1   0.059   0.000  Msub_dif_exp_aux_cy<5> (Msub_dif_exp_aux_cy<5>)
     MUXCY:CI->O           0   0.059   0.000  Msub_dif_exp_aux_cy<6> (Msub_dif_exp_aux_cy<6>)
     XORCY:CI->O           1   0.804   0.420  Msub_dif_exp_aux_xor<7> (T_7_OBUF)
     OBUF:I->O                 3.272          T_7_OBUF (T<7>)
    ----------------------------------------
    Total                     14.435ns (11.090ns logic, 3.345ns route)
                                       (76.8% logic, 23.2% route)

=========================================================================


Total REAL time to Xst completion: 7.00 secs
Total CPU time to Xst completion: 7.38 secs
 
--> 

Total memory usage is 253464 kilobytes

Number of errors   :    0 (   0 filtered)
Number of warnings :    1 (   0 filtered)
Number of infos    :    1 (   0 filtered)

