Release 14.4 - xst P.49d (nt64)
Copyright (c) 1995-2012 Xilinx, Inc.  All rights reserved.
--> Parameter TMPDIR set to xst/projnav.tmp


Total REAL time to Xst completion: 0.00 secs
Total CPU time to Xst completion: 0.13 secs
 
--> Parameter xsthdpdir set to xst


Total REAL time to Xst completion: 0.00 secs
Total CPU time to Xst completion: 0.13 secs
 
--> Reading design: Mux_sum_rest.prj

TABLE OF CONTENTS
  1) Synthesis Options Summary
  2) HDL Compilation
  3) Design Hierarchy Analysis
  4) HDL Analysis
  5) HDL Synthesis
     5.1) HDL Synthesis Report
  6) Advanced HDL Synthesis
     6.1) Advanced HDL Synthesis Report
  7) Low Level Synthesis
  8) Partition Report
  9) Final Report
	9.1) Device utilization summary
	9.2) Partition Resource Summary
	9.3) TIMING REPORT


=========================================================================
*                      Synthesis Options Summary                        *
=========================================================================
---- Source Parameters
Input File Name                    : "Mux_sum_rest.prj"
Input Format                       : mixed
Ignore Synthesis Constraint File   : NO

---- Target Parameters
Output File Name                   : "Mux_sum_rest"
Output Format                      : NGC
Target Device                      : xc3s100e-4-vq100

---- Source Options
Top Module Name                    : Mux_sum_rest
Automatic FSM Extraction           : YES
FSM Encoding Algorithm             : Auto
Safe Implementation                : No
FSM Style                          : LUT
RAM Extraction                     : Yes
RAM Style                          : Auto
ROM Extraction                     : Yes
Mux Style                          : Auto
Decoder Extraction                 : YES
Priority Encoder Extraction        : Yes
Shift Register Extraction          : YES
Logical Shifter Extraction         : YES
XOR Collapsing                     : YES
ROM Style                          : Auto
Mux Extraction                     : Yes
Resource Sharing                   : YES
Asynchronous To Synchronous        : NO
Multiplier Style                   : Auto
Automatic Register Balancing       : No

---- Target Options
Add IO Buffers                     : YES
Global Maximum Fanout              : 100000
Add Generic Clock Buffer(BUFG)     : 24
Register Duplication               : YES
Slice Packing                      : YES
Optimize Instantiated Primitives   : NO
Use Clock Enable                   : Yes
Use Synchronous Set                : Yes
Use Synchronous Reset              : Yes
Pack IO Registers into IOBs        : Auto
Equivalent register Removal        : YES

---- General Options
Optimization Goal                  : Speed
Optimization Effort                : 1
Keep Hierarchy                     : No
Netlist Hierarchy                  : As_Optimized
RTL Output                         : Yes
Global Optimization                : AllClockNets
Read Cores                         : YES
Write Timing Constraints           : NO
Cross Clock Analysis               : NO
Hierarchy Separator                : /
Bus Delimiter                      : <>
Case Specifier                     : Maintain
Slice Utilization Ratio            : 100
BRAM Utilization Ratio             : 100
Verilog 2001                       : YES
Auto BRAM Packing                  : NO
Slice Utilization Ratio Delta      : 5

=========================================================================


=========================================================================
*                          HDL Compilation                              *
=========================================================================
Compiling vhdl file "C:/FPGA/PracticoFinal/Mux_sum_rest.vhd" in Library work.
Architecture behavioral of Entity mux_sum_rest is up to date.

=========================================================================
*                     Design Hierarchy Analysis                         *
=========================================================================
Analyzing hierarchy for entity <Mux_sum_rest> in library <work> (architecture <behavioral>).


=========================================================================
*                            HDL Analysis                               *
=========================================================================
Analyzing Entity <Mux_sum_rest> in library <work> (Architecture <behavioral>).
Entity <Mux_sum_rest> analyzed. Unit <Mux_sum_rest> generated.


=========================================================================
*                           HDL Synthesis                               *
=========================================================================

Performing bidirectional port resolution...

Synthesizing Unit <Mux_sum_rest>.
    Related source file is "C:/FPGA/PracticoFinal/Mux_sum_rest.vhd".
WARNING:Xst:737 - Found 24-bit latch for signal <Mantisa_desp_sum>. Latches may be generated from incomplete case or if statements. We do not recommend the use of latches in FPGA/CPLD designs, as they may lead to timing problems.
WARNING:Xst:737 - Found 8-bit latch for signal <Exp_max_rest>. Latches may be generated from incomplete case or if statements. We do not recommend the use of latches in FPGA/CPLD designs, as they may lead to timing problems.
WARNING:Xst:737 - Found 24-bit latch for signal <Mantisa_max_sum>. Latches may be generated from incomplete case or if statements. We do not recommend the use of latches in FPGA/CPLD designs, as they may lead to timing problems.
WARNING:Xst:737 - Found 8-bit latch for signal <Exp_max_sum>. Latches may be generated from incomplete case or if statements. We do not recommend the use of latches in FPGA/CPLD designs, as they may lead to timing problems.
WARNING:Xst:737 - Found 24-bit latch for signal <Mantisa_max_rest>. Latches may be generated from incomplete case or if statements. We do not recommend the use of latches in FPGA/CPLD designs, as they may lead to timing problems.
WARNING:Xst:737 - Found 24-bit latch for signal <Mantisa_desp_rest>. Latches may be generated from incomplete case or if statements. We do not recommend the use of latches in FPGA/CPLD designs, as they may lead to timing problems.
Unit <Mux_sum_rest> synthesized.


=========================================================================
HDL Synthesis Report

Macro Statistics
# Latches                                              : 6
 24-bit latch                                          : 4
 8-bit latch                                           : 2

=========================================================================

=========================================================================
*                       Advanced HDL Synthesis                          *
=========================================================================


=========================================================================
Advanced HDL Synthesis Report

Macro Statistics
# Latches                                              : 6
 24-bit latch                                          : 4
 8-bit latch                                           : 2

=========================================================================

=========================================================================
*                         Low Level Synthesis                           *
=========================================================================

Optimizing unit <Mux_sum_rest> ...

Mapping all equations...
Building and optimizing final netlist ...
Found area constraint ratio of 100 (+ 5) on block Mux_sum_rest, actual ratio is 6.

Final Macro Processing ...

=========================================================================
Final Register Report

Found no macro
=========================================================================

=========================================================================
*                           Partition Report                            *
=========================================================================

Partition Implementation Status
-------------------------------

  No Partitions were found in this design.

-------------------------------

=========================================================================
*                            Final Report                               *
=========================================================================
Final Results
RTL Top Level Output File Name     : Mux_sum_rest.ngr
Top Level Output File Name         : Mux_sum_rest
Output Format                      : NGC
Optimization Goal                  : Speed
Keep Hierarchy                     : No

Design Statistics
# IOs                              : 170

Cell Usage :
# BELS                             : 2
#      LUT2                        : 2
# FlipFlops/Latches                : 112
#      LD                          : 56
#      LD_1                        : 56
# Clock Buffers                    : 2
#      BUFG                        : 2
# IO Buffers                       : 170
#      IBUF                        : 58
#      OBUF                        : 112
=========================================================================

Device utilization summary:
---------------------------

Selected Device : 3s100evq100-4 

 Number of Slices:                        1  out of    960     0%  
 Number of 4 input LUTs:                  2  out of   1920     0%  
 Number of IOs:                         170
 Number of bonded IOBs:                 170  out of     66   257% (*) 
    IOB Flip Flops:                     112
 Number of GCLKs:                         2  out of     24     8%  

WARNING:Xst:1336 -  (*) More than 100% of Device resources are used

---------------------------
Partition Resource Summary:
---------------------------

  No Partitions were found in this design.

---------------------------


=========================================================================
TIMING REPORT

NOTE: THESE TIMING NUMBERS ARE ONLY A SYNTHESIS ESTIMATE.
      FOR ACCURATE TIMING INFORMATION PLEASE REFER TO THE TRACE REPORT
      GENERATED AFTER PLACE-and-ROUTE.

Clock Information:
------------------
------------------------------------------------------+-----------------------------+-------+
Clock Signal                                          | Clock buffer(FF name)       | Load  |
------------------------------------------------------+-----------------------------+-------+
Exp_max_rest_cmp_eq00001(Exp_max_rest_cmp_eq00001:O)  | BUFG(*)(Mantisa_desp_rest_0)| 56    |
Mantisa_desp_sum_not00011(Mantisa_desp_sum_not00011:O)| BUFG(*)(Exp_max_sum_0)      | 56    |
------------------------------------------------------+-----------------------------+-------+
(*) These 2 clock signal(s) are generated by combinatorial logic,
and XST is not able to identify which are the primary clock signals.
Please use the CLOCK_SIGNAL constraint to specify the clock signal(s) generated by combinatorial logic.

Asynchronous Control Signals Information:
----------------------------------------
No asynchronous control signals found in this design

Timing Summary:
---------------
Speed Grade: -4

   Minimum period: No path found
   Minimum input arrival time before clock: 1.973ns
   Maximum output required time after clock: 4.368ns
   Maximum combinational path delay: No path found

Timing Detail:
--------------
All values displayed in nanoseconds (ns)

=========================================================================
Timing constraint: Default OFFSET IN BEFORE for Clock 'Exp_max_rest_cmp_eq00001'
  Total number of paths / destination ports: 56 / 56
-------------------------------------------------------------------------
Offset:              1.973ns (Levels of Logic = 1)
  Source:            Mantisa_desp<0> (PAD)
  Destination:       Mantisa_desp_rest_0 (LATCH)
  Destination Clock: Exp_max_rest_cmp_eq00001 falling

  Data Path: Mantisa_desp<0> to Mantisa_desp_rest_0
                                Gate     Net
    Cell:in->out      fanout   Delay   Delay  Logical Name (Net Name)
    ----------------------------------------  ------------
     IBUF:I->O             2   1.218   0.447  Mantisa_desp_0_IBUF (Mantisa_desp_0_IBUF)
     LD:D                      0.308          Mantisa_desp_rest_0
    ----------------------------------------
    Total                      1.973ns (1.526ns logic, 0.447ns route)
                                       (77.3% logic, 22.7% route)

=========================================================================
Timing constraint: Default OFFSET IN BEFORE for Clock 'Mantisa_desp_sum_not00011'
  Total number of paths / destination ports: 56 / 56
-------------------------------------------------------------------------
Offset:              1.973ns (Levels of Logic = 1)
  Source:            Exp_max<0> (PAD)
  Destination:       Exp_max_sum_0 (LATCH)
  Destination Clock: Mantisa_desp_sum_not00011 rising

  Data Path: Exp_max<0> to Exp_max_sum_0
                                Gate     Net
    Cell:in->out      fanout   Delay   Delay  Logical Name (Net Name)
    ----------------------------------------  ------------
     IBUF:I->O             2   1.218   0.447  Exp_max_0_IBUF (Exp_max_0_IBUF)
     LD_1:D                    0.308          Exp_max_sum_0
    ----------------------------------------
    Total                      1.973ns (1.526ns logic, 0.447ns route)
                                       (77.3% logic, 22.7% route)

=========================================================================
Timing constraint: Default OFFSET OUT AFTER for Clock 'Mantisa_desp_sum_not00011'
  Total number of paths / destination ports: 56 / 56
-------------------------------------------------------------------------
Offset:              4.368ns (Levels of Logic = 1)
  Source:            Exp_max_sum_7 (LATCH)
  Destination:       Exp_max_sum<7> (PAD)
  Source Clock:      Mantisa_desp_sum_not00011 rising

  Data Path: Exp_max_sum_7 to Exp_max_sum<7>
                                Gate     Net
    Cell:in->out      fanout   Delay   Delay  Logical Name (Net Name)
    ----------------------------------------  ------------
     LD_1:G->Q             1   0.676   0.420  Exp_max_sum_7 (Exp_max_sum_7)
     OBUF:I->O                 3.272          Exp_max_sum_7_OBUF (Exp_max_sum<7>)
    ----------------------------------------
    Total                      4.368ns (3.948ns logic, 0.420ns route)
                                       (90.4% logic, 9.6% route)

=========================================================================
Timing constraint: Default OFFSET OUT AFTER for Clock 'Exp_max_rest_cmp_eq00001'
  Total number of paths / destination ports: 56 / 56
-------------------------------------------------------------------------
Offset:              4.368ns (Levels of Logic = 1)
  Source:            Exp_max_rest_7 (LATCH)
  Destination:       Exp_max_rest<7> (PAD)
  Source Clock:      Exp_max_rest_cmp_eq00001 falling

  Data Path: Exp_max_rest_7 to Exp_max_rest<7>
                                Gate     Net
    Cell:in->out      fanout   Delay   Delay  Logical Name (Net Name)
    ----------------------------------------  ------------
     LD:G->Q               1   0.676   0.420  Exp_max_rest_7 (Exp_max_rest_7)
     OBUF:I->O                 3.272          Exp_max_rest_7_OBUF (Exp_max_rest<7>)
    ----------------------------------------
    Total                      4.368ns (3.948ns logic, 0.420ns route)
                                       (90.4% logic, 9.6% route)

=========================================================================


Total REAL time to Xst completion: 7.00 secs
Total CPU time to Xst completion: 7.47 secs
 
--> 

Total memory usage is 253528 kilobytes

Number of errors   :    0 (   0 filtered)
Number of warnings :    7 (   0 filtered)
Number of infos    :    0 (   0 filtered)

